2023-09-11T08:37:12.424361+00:00 WARNING 'ansible_navigator.run' Dirty exit, killing the pid
2023-09-11T08:40:16.532556+00:00 INFO 'ansible_navigator.setup_logger' New ansible-navigator instance, logging initialized
2023-09-11T08:40:16.533232+00:00 INFO 'ansible_navigator.setup_logger' New ansible-runner instance, logging initialized
2023-09-11T08:40:16.533310+00:00 DEBUG 'ansible_navigator.main' ansible-builder==1.1.0 /usr/lib/python3.9/site-packages
2023-09-11T08:40:16.533338+00:00 DEBUG 'ansible_navigator.main' ansible-core==2.13.0 /usr/lib/python3.9/site-packages
2023-09-11T08:40:16.533362+00:00 DEBUG 'ansible_navigator.main' ansible-navigator==2.1.0 /usr/lib/python3.9/site-packages
2023-09-11T08:40:16.533384+00:00 DEBUG 'ansible_navigator.main' ansible-runner==2.2.0 /usr/lib/python3.9/site-packages
2023-09-11T08:40:16.533405+00:00 DEBUG 'ansible_navigator.main' attrs==21.4.0 /usr/lib/python3.9/site-packages
2023-09-11T08:40:16.533426+00:00 DEBUG 'ansible_navigator.main' babel==2.9.1 /usr/lib/python3.9/site-packages
2023-09-11T08:40:16.533446+00:00 DEBUG 'ansible_navigator.main' bindep==2.10.2 /usr/lib/python3.9/site-packages
2023-09-11T08:40:16.533467+00:00 DEBUG 'ansible_navigator.main' brlapi==0.8.2 /usr/lib64/python3.9/site-packages
2023-09-11T08:40:16.533487+00:00 DEBUG 'ansible_navigator.main' certifi==2020.6.20 /usr/lib/python3.9/site-packages
2023-09-11T08:40:16.533507+00:00 DEBUG 'ansible_navigator.main' cffi==1.15.0 /usr/lib64/python3.9/site-packages
2023-09-11T08:40:16.533527+00:00 DEBUG 'ansible_navigator.main' chardet==4.0.0 /usr/lib/python3.9/site-packages
2023-09-11T08:40:16.533547+00:00 DEBUG 'ansible_navigator.main' charset-normalizer==2.0.11 /usr/lib/python3.9/site-packages
2023-09-11T08:40:16.533567+00:00 DEBUG 'ansible_navigator.main' chrome-gnome-shell==0.0.0 /usr/lib/python3.9/site-packages
2023-09-11T08:40:16.533587+00:00 DEBUG 'ansible_navigator.main' cloud-init==21.1 /usr/lib/python3.9/site-packages
2023-09-11T08:40:16.533607+00:00 DEBUG 'ansible_navigator.main' configobj==5.0.6 /usr/lib/python3.9/site-packages
2023-09-11T08:40:16.533628+00:00 DEBUG 'ansible_navigator.main' cryptography==36.0.1 /usr/lib64/python3.9/site-packages
2023-09-11T08:40:16.533648+00:00 DEBUG 'ansible_navigator.main' cupshelpers==1.0 /usr/lib/python3.9/site-packages
2023-09-11T08:40:16.533681+00:00 DEBUG 'ansible_navigator.main' dasbus==1.4 /usr/lib/python3.9/site-packages
2023-09-11T08:40:16.533731+00:00 DEBUG 'ansible_navigator.main' dbus-python==1.2.18 /usr/lib64/python3.9/site-packages
2023-09-11T08:40:16.533751+00:00 DEBUG 'ansible_navigator.main' decorator==4.4.2 /usr/lib/python3.9/site-packages
2023-09-11T08:40:16.533772+00:00 DEBUG 'ansible_navigator.main' distlib==0.3.4 /usr/local/lib/python3.9/site-packages
2023-09-11T08:40:16.533793+00:00 DEBUG 'ansible_navigator.main' distro==1.6.0 /usr/lib/python3.9/site-packages
2023-09-11T08:40:16.533813+00:00 DEBUG 'ansible_navigator.main' docutils==0.16 /usr/lib/python3.9/site-packages
2023-09-11T08:40:16.533834+00:00 DEBUG 'ansible_navigator.main' ethtool==0.15 /usr/lib64/python3.9/site-packages
2023-09-11T08:40:16.533854+00:00 DEBUG 'ansible_navigator.main' file-magic==0.4.0 /usr/lib/python3.9/site-packages
2023-09-11T08:40:16.533875+00:00 DEBUG 'ansible_navigator.main' filelock==3.7.0 /usr/local/lib/python3.9/site-packages
2023-09-11T08:40:16.533895+00:00 DEBUG 'ansible_navigator.main' gpg==1.15.1 /usr/lib64/python3.9/site-packages
2023-09-11T08:40:16.533915+00:00 DEBUG 'ansible_navigator.main' idna==3.3 /usr/lib/python3.9/site-packages
2023-09-11T08:40:16.533935+00:00 DEBUG 'ansible_navigator.main' iniparse==0.4 /usr/lib/python3.9/site-packages
2023-09-11T08:40:16.533955+00:00 DEBUG 'ansible_navigator.main' jinja2==3.0.3 /usr/lib/python3.9/site-packages
2023-09-11T08:40:16.533975+00:00 DEBUG 'ansible_navigator.main' jsonpatch==1.21 /usr/lib/python3.9/site-packages
2023-09-11T08:40:16.533995+00:00 DEBUG 'ansible_navigator.main' jsonpointer==2.0 /usr/lib/python3.9/site-packages
2023-09-11T08:40:16.534014+00:00 DEBUG 'ansible_navigator.main' jsonschema==3.2.0 /usr/lib/python3.9/site-packages
2023-09-11T08:40:16.534049+00:00 DEBUG 'ansible_navigator.main' libcomps==0.1.18 /usr/lib64/python3.9/site-packages
2023-09-11T08:40:16.534070+00:00 DEBUG 'ansible_navigator.main' lockfile==0.12.2 /usr/lib/python3.9/site-packages
2023-09-11T08:40:16.534091+00:00 DEBUG 'ansible_navigator.main' lxml==4.6.5 /usr/lib64/python3.9/site-packages
2023-09-11T08:40:16.534111+00:00 DEBUG 'ansible_navigator.main' markupsafe==2.1.0 /usr/lib64/python3.9/site-packages
2023-09-11T08:40:16.534132+00:00 DEBUG 'ansible_navigator.main' netifaces==0.10.6 /usr/lib64/python3.9/site-packages
2023-09-11T08:40:16.534152+00:00 DEBUG 'ansible_navigator.main' nftables==0.1 /usr/lib/python3.9/site-packages
2023-09-11T08:40:16.534176+00:00 DEBUG 'ansible_navigator.main' oauthlib==3.1.1 /usr/lib/python3.9/site-packages
2023-09-11T08:40:16.534197+00:00 DEBUG 'ansible_navigator.main' onigurumacffi==1.1.0 /usr/lib64/python3.9/site-packages
2023-09-11T08:40:16.534217+00:00 DEBUG 'ansible_navigator.main' packaging==21.2 /usr/lib/python3.9/site-packages
2023-09-11T08:40:16.534236+00:00 DEBUG 'ansible_navigator.main' parsley==1.3 /usr/lib/python3.9/site-packages
2023-09-11T08:40:16.534256+00:00 DEBUG 'ansible_navigator.main' pbr==5.8.1 /usr/lib/python3.9/site-packages
2023-09-11T08:40:16.534276+00:00 DEBUG 'ansible_navigator.main' perf==0.1 /usr/lib64/python3.9/site-packages
2023-09-11T08:40:16.534296+00:00 DEBUG 'ansible_navigator.main' pexpect==4.8.0 /usr/lib/python3.9/site-packages
2023-09-11T08:40:16.534316+00:00 DEBUG 'ansible_navigator.main' pip==21.2.3 /usr/lib/python3.9/site-packages
2023-09-11T08:40:16.534335+00:00 DEBUG 'ansible_navigator.main' platformdirs==2.5.2 /usr/local/lib/python3.9/site-packages
2023-09-11T08:40:16.534355+00:00 DEBUG 'ansible_navigator.main' ply==3.11 /usr/lib/python3.9/site-packages
2023-09-11T08:40:16.534375+00:00 DEBUG 'ansible_navigator.main' prettytable==0.7.2 /usr/lib/python3.9/site-packages
2023-09-11T08:40:16.534395+00:00 DEBUG 'ansible_navigator.main' psutil==5.8.0 /usr/lib64/python3.9/site-packages
2023-09-11T08:40:16.534415+00:00 DEBUG 'ansible_navigator.main' ptyprocess==0.6.0 /usr/lib/python3.9/site-packages
2023-09-11T08:40:16.534434+00:00 DEBUG 'ansible_navigator.main' pycairo==1.20.0 /usr/lib64/python3.9/site-packages
2023-09-11T08:40:16.534454+00:00 DEBUG 'ansible_navigator.main' pycparser==2.21 /usr/lib/python3.9/site-packages
2023-09-11T08:40:16.534474+00:00 DEBUG 'ansible_navigator.main' pycups==2.0.1 /usr/lib64/python3.9/site-packages
2023-09-11T08:40:16.534493+00:00 DEBUG 'ansible_navigator.main' pycurl==7.43.0.6 /usr/lib64/python3.9/site-packages
2023-09-11T08:40:16.534513+00:00 DEBUG 'ansible_navigator.main' pyenchant==3.2.0 /usr/lib/python3.9/site-packages
2023-09-11T08:40:16.534533+00:00 DEBUG 'ansible_navigator.main' pygobject==3.40.1 /usr/lib64/python3.9/site-packages
2023-09-11T08:40:16.534553+00:00 DEBUG 'ansible_navigator.main' pyinotify==0.9.6 /usr/lib/python3.9/site-packages
2023-09-11T08:40:16.534577+00:00 DEBUG 'ansible_navigator.main' pyopenssl==19.1.0 /usr/lib/python3.9/site-packages
2023-09-11T08:40:16.534597+00:00 DEBUG 'ansible_navigator.main' pyparsing==2.4.7 /usr/lib/python3.9/site-packages
2023-09-11T08:40:16.534616+00:00 DEBUG 'ansible_navigator.main' pyrsistent==0.17.3 /usr/lib64/python3.9/site-packages
2023-09-11T08:40:16.534636+00:00 DEBUG 'ansible_navigator.main' pyserial==3.4 /usr/lib/python3.9/site-packages
2023-09-11T08:40:16.534663+00:00 DEBUG 'ansible_navigator.main' pysocks==1.7.1 /usr/lib/python3.9/site-packages
2023-09-11T08:40:16.534707+00:00 DEBUG 'ansible_navigator.main' python-daemon==2.3.0 /usr/lib/python3.9/site-packages
2023-09-11T08:40:16.534728+00:00 DEBUG 'ansible_navigator.main' python-dateutil==2.8.1 /usr/lib/python3.9/site-packages
2023-09-11T08:40:16.534747+00:00 DEBUG 'ansible_navigator.main' python-dmidecode==3.12.2 /usr/lib64/python3.9/site-packages
2023-09-11T08:40:16.534767+00:00 DEBUG 'ansible_navigator.main' python-linux-procfs==0.7.0 /usr/lib/python3.9/site-packages
2023-09-11T08:40:16.534786+00:00 DEBUG 'ansible_navigator.main' pytz==2021.3 /usr/lib/python3.9/site-packages
2023-09-11T08:40:16.534812+00:00 DEBUG 'ansible_navigator.main' pyudev==0.22.0 /usr/lib/python3.9/site-packages
2023-09-11T08:40:16.534833+00:00 DEBUG 'ansible_navigator.main' pyxdg==0.27 /usr/lib/python3.9/site-packages
2023-09-11T08:40:16.534852+00:00 DEBUG 'ansible_navigator.main' pyyaml==5.4.1 /usr/lib64/python3.9/site-packages
2023-09-11T08:40:16.534872+00:00 DEBUG 'ansible_navigator.main' requests==2.27.1 /usr/lib/python3.9/site-packages
2023-09-11T08:40:16.534892+00:00 DEBUG 'ansible_navigator.main' requirements-parser==0.2.0 /usr/lib/python3.9/site-packages
2023-09-11T08:40:16.534912+00:00 DEBUG 'ansible_navigator.main' resolvelib==0.5.4 /usr/lib/python3.9/site-packages
2023-09-11T08:40:16.534931+00:00 DEBUG 'ansible_navigator.main' rpm==4.16.1.3 /usr/lib64/python3.9/site-packages
2023-09-11T08:40:16.534951+00:00 DEBUG 'ansible_navigator.main' selinux==3.3 /usr/lib64/python3.9/site-packages
2023-09-11T08:40:16.534970+00:00 DEBUG 'ansible_navigator.main' sepolicy==3.3 /usr/lib/python3.9/site-packages
2023-09-11T08:40:16.534990+00:00 DEBUG 'ansible_navigator.main' setools==4.4.0 /usr/lib64/python3.9/site-packages
2023-09-11T08:40:16.535010+00:00 DEBUG 'ansible_navigator.main' setroubleshoot==1.1 /usr/lib/python3.9/site-packages
2023-09-11T08:40:16.535029+00:00 DEBUG 'ansible_navigator.main' setuptools==53.0.0 /usr/lib/python3.9/site-packages
2023-09-11T08:40:16.535049+00:00 DEBUG 'ansible_navigator.main' six==1.16.0 /usr/lib/python3.9/site-packages
2023-09-11T08:40:16.535069+00:00 DEBUG 'ansible_navigator.main' sos==4.2 /usr/lib/python3.9/site-packages
2023-09-11T08:40:16.535088+00:00 DEBUG 'ansible_navigator.main' subscription-manager==1.29.26 /usr/lib64/python3.9/site-packages
2023-09-11T08:40:16.535109+00:00 DEBUG 'ansible_navigator.main' systemd-python==234 /usr/lib64/python3.9/site-packages
2023-09-11T08:40:16.535129+00:00 DEBUG 'ansible_navigator.main' urllib3==1.26.8 /usr/lib/python3.9/site-packages
2023-09-11T08:40:16.535148+00:00 DEBUG 'ansible_navigator.main' virtualenv==20.14.1 /usr/local/lib/python3.9/site-packages
2023-09-11T08:40:16.535169+00:00 DEBUG 'ansible_navigator.main' Share directory '/usr/lib/python3.9/share/ansible_navigator' not found (development path)
2023-09-11T08:40:16.535190+00:00 DEBUG 'ansible_navigator.main' Share directory '/home/student/.local/share/ansible_navigator' not found (userbase)
2023-09-11T08:40:16.535211+00:00 DEBUG 'ansible_navigator.main' Share directory '/usr/share/ansible_navigator' found (sys.prefix)
2023-09-11T08:40:16.535231+00:00 DEBUG 'ansible_navigator.main' Default collection_doc_cache_path set to: /home/student/.cache/ansible-navigator/collection_doc_cache.db
2023-09-11T08:40:16.535251+00:00 DEBUG 'ansible_navigator.main' EDITOR environment variable not set
2023-09-11T08:40:16.535272+00:00 DEBUG 'ansible_navigator.main' Default editor_command set to: vi +{line_number} {filename}
2023-09-11T08:40:16.535292+00:00 DEBUG 'ansible_navigator.main' No config file set by ANSIBLE_NAVIGATOR_CONFIG
2023-09-11T08:40:16.535312+00:00 DEBUG 'ansible_navigator.main' Looking in /home/student
2023-09-11T08:40:16.535338+00:00 DEBUG 'ansible_navigator.main' Looking for '/home/student/.ansible-navigator.yml', '/home/student/.ansible-navigator.yaml' and '/home/student/.ansible-navigator.json'
2023-09-11T08:40:16.535360+00:00 DEBUG 'ansible_navigator.main' Found 1: '/home/student/.ansible-navigator.yml'
2023-09-11T08:40:16.535380+00:00 DEBUG 'ansible_navigator.main' Looking in /home/student/exercise-from-gdrive
2023-09-11T08:40:16.535399+00:00 DEBUG 'ansible_navigator.main' Looking for '/home/student/exercise-from-gdrive/ansible-navigator.yml', '/home/student/exercise-from-gdrive/ansible-navigator.yaml' and '/home/student/exercise-from-gdrive/ansible-navigator.json'
2023-09-11T08:40:16.535422+00:00 DEBUG 'ansible_navigator.main' Found 0: 
2023-09-11T08:40:16.535442+00:00 DEBUG 'ansible_navigator.main' All found 1: '/home/student/.ansible-navigator.yml'
2023-09-11T08:40:16.535462+00:00 DEBUG 'ansible_navigator.main' Using: /home/student/.ansible-navigator.yml
2023-09-11T08:40:16.535486+00:00 DEBUG 'ansible_navigator.main' Using settings file at /home/student/.ansible-navigator.yml in search path
2023-09-11T08:40:16.535507+00:00 DEBUG 'ansible_navigator.main' Command provided: 'run -m stdout hosts.yml -K'
2023-09-11T08:40:16.535534+00:00 WARNING 'ansible_navigator.main' Configuration errors encountered, rolling back to previous configuration.
2023-09-11T08:40:16.535555+00:00 DEBUG 'ansible_navigator.main' Prior to rollback: ansible_runner_artifact_dir = 'Not set' (Constants/Not set)
2023-09-11T08:40:16.535579+00:00 DEBUG 'ansible_navigator.main' Prior to rollback: ansible_runner_rotate_artifacts_count = 'Not set' (Constants/Not set)
2023-09-11T08:40:16.535608+00:00 DEBUG 'ansible_navigator.main' Prior to rollback: ansible_runner_timeout = 'Not set' (Constants/Not set)
2023-09-11T08:40:16.535629+00:00 DEBUG 'ansible_navigator.main' Prior to rollback: app = 'run' (str/Command line)
2023-09-11T08:40:16.535649+00:00 DEBUG 'ansible_navigator.main' Prior to rollback: cmdline = '['-K']' (list/Command line)
2023-09-11T08:40:16.535678+00:00 DEBUG 'ansible_navigator.main' Prior to rollback: collection_doc_cache_path = '/home/student/.cache/ansible-navigator/collection_doc_cache.db' (str/Defaults)
2023-09-11T08:40:16.535711+00:00 DEBUG 'ansible_navigator.main' Prior to rollback: config = 'Not set' (Constants/Not set)
2023-09-11T08:40:16.535733+00:00 DEBUG 'ansible_navigator.main' Prior to rollback: container_engine = 'auto' (str/Defaults)
2023-09-11T08:40:16.535753+00:00 DEBUG 'ansible_navigator.main' Prior to rollback: container_options = 'Not set' (Constants/Not set)
2023-09-11T08:40:16.535773+00:00 DEBUG 'ansible_navigator.main' Prior to rollback: display_color = 'True' (bool/Defaults)
2023-09-11T08:40:16.535793+00:00 DEBUG 'ansible_navigator.main' Prior to rollback: editor_command = 'vi +{line_number} {filename}' (str/Defaults)
2023-09-11T08:40:16.535814+00:00 DEBUG 'ansible_navigator.main' Prior to rollback: editor_console = 'True' (bool/Defaults)
2023-09-11T08:40:16.535834+00:00 DEBUG 'ansible_navigator.main' Prior to rollback: exec_command = '/bin/bash' (str/Defaults)
2023-09-11T08:40:16.535854+00:00 DEBUG 'ansible_navigator.main' Prior to rollback: exec_shell = 'True' (bool/Defaults)
2023-09-11T08:40:16.535874+00:00 DEBUG 'ansible_navigator.main' Prior to rollback: execution_environment = 'True' (bool/Defaults)
2023-09-11T08:40:16.535894+00:00 DEBUG 'ansible_navigator.main' Prior to rollback: execution_environment_image = 'registry.redhat.io/ansible-automation-platform-22/ee-supported-rhel8:latest' (str/Defaults)
2023-09-11T08:40:16.535914+00:00 DEBUG 'ansible_navigator.main' Prior to rollback: execution_environment_volume_mounts = 'Not set' (Constants/Not set)
2023-09-11T08:40:16.535934+00:00 DEBUG 'ansible_navigator.main' Prior to rollback: help_builder = 'False' (bool/Defaults)
2023-09-11T08:40:16.535954+00:00 DEBUG 'ansible_navigator.main' Prior to rollback: help_config = 'False' (bool/Defaults)
2023-09-11T08:40:16.535974+00:00 DEBUG 'ansible_navigator.main' Prior to rollback: help_doc = 'False' (bool/Defaults)
2023-09-11T08:40:16.535994+00:00 DEBUG 'ansible_navigator.main' Prior to rollback: help_inventory = 'False' (bool/Defaults)
2023-09-11T08:40:16.536013+00:00 DEBUG 'ansible_navigator.main' Prior to rollback: help_playbook = 'False' (bool/Defaults)
2023-09-11T08:40:16.536032+00:00 DEBUG 'ansible_navigator.main' Prior to rollback: images_details = '['everything']' (list/Defaults)
2023-09-11T08:40:16.536053+00:00 DEBUG 'ansible_navigator.main' Prior to rollback: inventory = 'Not set' (Constants/Not set)
2023-09-11T08:40:16.536072+00:00 DEBUG 'ansible_navigator.main' Prior to rollback: inventory_column = 'Not set' (Constants/Not set)
2023-09-11T08:40:16.536092+00:00 DEBUG 'ansible_navigator.main' Prior to rollback: lint_config = 'Not set' (Constants/Not set)
2023-09-11T08:40:16.536111+00:00 DEBUG 'ansible_navigator.main' Prior to rollback: lintables = 'Not set' (Constants/Not set)
2023-09-11T08:40:16.536131+00:00 DEBUG 'ansible_navigator.main' Prior to rollback: log_append = 'True' (bool/Defaults)
2023-09-11T08:40:16.536155+00:00 DEBUG 'ansible_navigator.main' Prior to rollback: log_file = '/home/student/exercise-from-gdrive/ansible-navigator.log' (str/Defaults)
2023-09-11T08:40:16.536176+00:00 DEBUG 'ansible_navigator.main' Prior to rollback: log_level = 'warning' (str/Defaults)
2023-09-11T08:40:16.536196+00:00 DEBUG 'ansible_navigator.main' Prior to rollback: mode = 'stdout' (str/Command line)
2023-09-11T08:40:16.536215+00:00 DEBUG 'ansible_navigator.main' Prior to rollback: osc4 = 'True' (bool/Defaults)
2023-09-11T08:40:16.536235+00:00 DEBUG 'ansible_navigator.main' Prior to rollback: pass_environment_variable = 'Not set' (Constants/Not set)
2023-09-11T08:40:16.536254+00:00 DEBUG 'ansible_navigator.main' Prior to rollback: playbook = 'hosts.yml' (str/Command line)
2023-09-11T08:40:16.536274+00:00 DEBUG 'ansible_navigator.main' Prior to rollback: playbook_artifact_enable = 'True' (bool/Defaults)
2023-09-11T08:40:16.536294+00:00 DEBUG 'ansible_navigator.main' Prior to rollback: playbook_artifact_replay = 'Not set' (Constants/Not set)
2023-09-11T08:40:16.536314+00:00 DEBUG 'ansible_navigator.main' Prior to rollback: playbook_artifact_save_as = '{playbook_dir}/{playbook_name}-artifact-{time_stamp}.json' (str/Defaults)
2023-09-11T08:40:16.536334+00:00 DEBUG 'ansible_navigator.main' Prior to rollback: plugin_name = 'Not set' (Constants/Not set)
2023-09-11T08:40:16.536354+00:00 DEBUG 'ansible_navigator.main' Prior to rollback: plugin_type = 'module' (str/Defaults)
2023-09-11T08:40:16.536373+00:00 DEBUG 'ansible_navigator.main' Prior to rollback: pull_arguments = 'Not set' (Constants/Not set)
2023-09-11T08:40:16.536393+00:00 DEBUG 'ansible_navigator.main' Prior to rollback: pull_policy = 'tag' (str/Defaults)
2023-09-11T08:40:16.536413+00:00 DEBUG 'ansible_navigator.main' Prior to rollback: set_environment_variable = 'Not set' (Constants/Not set)
2023-09-11T08:40:16.536432+00:00 DEBUG 'ansible_navigator.main' Prior to rollback: settings_effective = 'False' (bool/Defaults)
2023-09-11T08:40:16.536452+00:00 DEBUG 'ansible_navigator.main' Prior to rollback: settings_sample = 'False' (bool/Defaults)
2023-09-11T08:40:16.536472+00:00 DEBUG 'ansible_navigator.main' Prior to rollback: settings_schema = 'json' (str/Defaults)
2023-09-11T08:40:16.536491+00:00 DEBUG 'ansible_navigator.main' Prior to rollback: settings_sources = 'False' (bool/Defaults)
2023-09-11T08:40:16.536511+00:00 DEBUG 'ansible_navigator.main' Prior to rollback: time_zone = 'UTC' (str/Defaults)
2023-09-11T08:40:16.536530+00:00 DEBUG 'ansible_navigator.main' Prior to rollback: workdir = '/home/student/exercise-from-gdrive' (str/Defaults)
2023-09-11T08:40:16.536550+00:00 DEBUG 'ansible_navigator.main' After rollback: ansible_runner_artifact_dir = 'Not set' (Constants/Not set)
2023-09-11T08:40:16.536570+00:00 DEBUG 'ansible_navigator.main' After rollback: ansible_runner_rotate_artifacts_count = 'Not set' (Constants/Not set)
2023-09-11T08:40:16.536590+00:00 DEBUG 'ansible_navigator.main' After rollback: ansible_runner_timeout = 'Not set' (Constants/Not set)
2023-09-11T08:40:16.536610+00:00 DEBUG 'ansible_navigator.main' After rollback: app = 'Not set' (Constants/Not set)
2023-09-11T08:40:16.536629+00:00 DEBUG 'ansible_navigator.main' After rollback: cmdline = 'Not set' (Constants/Not set)
2023-09-11T08:40:16.536649+00:00 DEBUG 'ansible_navigator.main' After rollback: collection_doc_cache_path = 'Not set' (Constants/Not set)
2023-09-11T08:40:16.536675+00:00 DEBUG 'ansible_navigator.main' After rollback: config = 'Not set' (Constants/Not set)
2023-09-11T08:40:16.536702+00:00 DEBUG 'ansible_navigator.main' After rollback: container_engine = 'Not set' (Constants/Not set)
2023-09-11T08:40:16.536722+00:00 DEBUG 'ansible_navigator.main' After rollback: container_options = 'Not set' (Constants/Not set)
2023-09-11T08:40:16.536742+00:00 DEBUG 'ansible_navigator.main' After rollback: display_color = 'Not set' (Constants/Not set)
2023-09-11T08:40:16.536762+00:00 DEBUG 'ansible_navigator.main' After rollback: editor_command = 'Not set' (Constants/Not set)
2023-09-11T08:40:16.536789+00:00 DEBUG 'ansible_navigator.main' After rollback: editor_console = 'Not set' (Constants/Not set)
2023-09-11T08:40:16.536810+00:00 DEBUG 'ansible_navigator.main' After rollback: exec_command = 'Not set' (Constants/Not set)
2023-09-11T08:40:16.536829+00:00 DEBUG 'ansible_navigator.main' After rollback: exec_shell = 'Not set' (Constants/Not set)
2023-09-11T08:40:16.536849+00:00 DEBUG 'ansible_navigator.main' After rollback: execution_environment = 'Not set' (Constants/Not set)
2023-09-11T08:40:16.536869+00:00 DEBUG 'ansible_navigator.main' After rollback: execution_environment_image = 'Not set' (Constants/Not set)
2023-09-11T08:40:16.536888+00:00 DEBUG 'ansible_navigator.main' After rollback: execution_environment_volume_mounts = 'Not set' (Constants/Not set)
2023-09-11T08:40:16.536908+00:00 DEBUG 'ansible_navigator.main' After rollback: help_builder = 'Not set' (Constants/Not set)
2023-09-11T08:40:16.536928+00:00 DEBUG 'ansible_navigator.main' After rollback: help_config = 'Not set' (Constants/Not set)
2023-09-11T08:40:16.536947+00:00 DEBUG 'ansible_navigator.main' After rollback: help_doc = 'Not set' (Constants/Not set)
2023-09-11T08:40:16.536967+00:00 DEBUG 'ansible_navigator.main' After rollback: help_inventory = 'Not set' (Constants/Not set)
2023-09-11T08:40:16.536987+00:00 DEBUG 'ansible_navigator.main' After rollback: help_playbook = 'Not set' (Constants/Not set)
2023-09-11T08:40:16.537006+00:00 DEBUG 'ansible_navigator.main' After rollback: images_details = 'Not set' (Constants/Not set)
2023-09-11T08:40:16.537025+00:00 DEBUG 'ansible_navigator.main' After rollback: inventory = 'Not set' (Constants/Not set)
2023-09-11T08:40:16.537045+00:00 DEBUG 'ansible_navigator.main' After rollback: inventory_column = 'Not set' (Constants/Not set)
2023-09-11T08:40:16.537065+00:00 DEBUG 'ansible_navigator.main' After rollback: lint_config = 'Not set' (Constants/Not set)
2023-09-11T08:40:16.537084+00:00 DEBUG 'ansible_navigator.main' After rollback: lintables = 'Not set' (Constants/Not set)
2023-09-11T08:40:16.537103+00:00 DEBUG 'ansible_navigator.main' After rollback: log_append = 'Not set' (Constants/Not set)
2023-09-11T08:40:16.537123+00:00 DEBUG 'ansible_navigator.main' After rollback: log_file = 'Not set' (Constants/Not set)
2023-09-11T08:40:16.537143+00:00 DEBUG 'ansible_navigator.main' After rollback: log_level = 'Not set' (Constants/Not set)
2023-09-11T08:40:16.537162+00:00 DEBUG 'ansible_navigator.main' After rollback: mode = 'Not set' (Constants/Not set)
2023-09-11T08:40:16.537182+00:00 DEBUG 'ansible_navigator.main' After rollback: osc4 = 'Not set' (Constants/Not set)
2023-09-11T08:40:16.537201+00:00 DEBUG 'ansible_navigator.main' After rollback: pass_environment_variable = 'Not set' (Constants/Not set)
2023-09-11T08:40:16.537221+00:00 DEBUG 'ansible_navigator.main' After rollback: playbook = 'Not set' (Constants/Not set)
2023-09-11T08:40:16.537240+00:00 DEBUG 'ansible_navigator.main' After rollback: playbook_artifact_enable = 'Not set' (Constants/Not set)
2023-09-11T08:40:16.537260+00:00 DEBUG 'ansible_navigator.main' After rollback: playbook_artifact_replay = 'Not set' (Constants/Not set)
2023-09-11T08:40:16.537279+00:00 DEBUG 'ansible_navigator.main' After rollback: playbook_artifact_save_as = 'Not set' (Constants/Not set)
2023-09-11T08:40:16.537299+00:00 DEBUG 'ansible_navigator.main' After rollback: plugin_name = 'Not set' (Constants/Not set)
2023-09-11T08:40:16.537319+00:00 DEBUG 'ansible_navigator.main' After rollback: plugin_type = 'Not set' (Constants/Not set)
2023-09-11T08:40:16.537338+00:00 DEBUG 'ansible_navigator.main' After rollback: pull_arguments = 'Not set' (Constants/Not set)
2023-09-11T08:40:16.537358+00:00 DEBUG 'ansible_navigator.main' After rollback: pull_policy = 'Not set' (Constants/Not set)
2023-09-11T08:40:16.537377+00:00 DEBUG 'ansible_navigator.main' After rollback: set_environment_variable = 'Not set' (Constants/Not set)
2023-09-11T08:40:16.537397+00:00 DEBUG 'ansible_navigator.main' After rollback: settings_effective = 'Not set' (Constants/Not set)
2023-09-11T08:40:16.537430+00:00 DEBUG 'ansible_navigator.main' After rollback: settings_sample = 'Not set' (Constants/Not set)
2023-09-11T08:40:16.537451+00:00 DEBUG 'ansible_navigator.main' After rollback: settings_schema = 'Not set' (Constants/Not set)
2023-09-11T08:40:16.537471+00:00 DEBUG 'ansible_navigator.main' After rollback: settings_sources = 'Not set' (Constants/Not set)
2023-09-11T08:40:16.537490+00:00 DEBUG 'ansible_navigator.main' After rollback: time_zone = 'Not set' (Constants/Not set)
2023-09-11T08:40:16.537510+00:00 DEBUG 'ansible_navigator.main' After rollback: workdir = 'Not set' (Constants/Not set)
2023-09-11T08:40:16.537530+00:00 DEBUG 'ansible_navigator.main' Configuration rollback complete.
2023-09-11T08:40:16.537550+00:00 DEBUG 'ansible_navigator.main' Collection doc cache not mounted
2023-09-11T08:40:16.537595+00:00 WARNING 'ansible_navigator.main' Issues were found while applying the settings.
2023-09-11T08:40:16.537618+00:00 INFO 'ansible_navigator.main' Command provided: 'run -m stdout hosts.yml -K'
2023-09-11T08:40:16.537647+00:00 ERROR 'ansible_navigator.main' The following errors were found in the settings file (/home/student/.ansible-navigator.yml):
2023-09-11T08:40:16.537683+00:00 ERROR 'ansible_navigator.main' In 'ansible-navigator.execution-environment': Additional properties are not allowed ('playbook-artifact' was unexpected).
2023-09-11T08:40:16.537727+00:00 INFO 'ansible_navigator.main' Check the settings file and compare it to the current version.
2023-09-11T08:40:16.537784+00:00 INFO 'ansible_navigator.main' The current version can be found here: (https://ansible-navigator.readthedocs.io/en/latest/settings/#ansible-navigator-settings)
2023-09-11T08:40:16.537832+00:00 INFO 'ansible_navigator.main' The schema used for validation can be seen with 'ansible-navigator settings --schema'
2023-09-11T08:40:16.537871+00:00 INFO 'ansible_navigator.main' A sample settings file can be created with 'ansible-navigator settings --sample'
2023-09-11T08:40:16.537906+00:00 INFO 'ansible_navigator.main' Configuration failed, using default log file location. (/home/student/exercise-from-gdrive/ansible-navigator.log) Log level set to debug
2023-09-11T08:40:16.537941+00:00 INFO 'ansible_navigator.main' Review the hints and log file to see what went wrong.
